     [echo] build logged to build_29-09-2014_(13-31-33).log
build:  duration 0 seconds

setClassPath:
[pathconvert] Set property test.classpath = C:\Workspace\Automation_testing_v4_Vipul:C:\Workspace\Automation_testing_v4_Vipul\libs\SaxonLiaison.jar:C:\Workspace\Automation_testing_v4_Vipul\libs\activation.jar:C:\Workspace\Automation_testing_v4_Vipul\libs\additionnal.jar:C:\Workspace\Automation_testing_v4_Vipul\libs\apache-mime4j-0.6.jar:C:\Workspace\Automation_testing_v4_Vipul\libs\bsh-1.3.0.jar:C:\Workspace\Automation_testing_v4_Vipul\libs\cglib-nodep-2.1_3.jar:C:\Workspace\Automation_testing_v4_Vipul\libs\commons-cli-1.2.jar:C:\Workspace\Automation_testing_v4_Vipul\libs\commons-codec-1.5.jar:C:\Workspace\Automation_testing_v4_Vipul\libs\commons-codec-1.9.jar:C:\Workspace\Automation_testing_v4_Vipul\libs\commons-collections-3.2.1.jar:C:\Workspace\Automation_testing_v4_Vipul\libs\commons-exec-1.1.jar:C:\Workspace\Automation_testing_v4_Vipul\libs\commons-io-2.4.jar:C:\Workspace\Automation_testing_v4_Vipul\libs\commons-jxpath-1.3.jar:C:\Workspace\Automation_testing_v4_Vipul\libs\commons-lang3-3.2.1.jar:C:\Workspace\Automation_testing_v4_Vipul\libs\commons-logging-1.1.3.jar:C:\Workspace\Automation_testing_v4_Vipul\libs\commons-logging-1.1.jar:C:\Workspace\Automation_testing_v4_Vipul\libs\cssparser-0.9.11.jar:C:\Workspace\Automation_testing_v4_Vipul\libs\dom4j-1.6.1.jar:C:\Workspace\Automation_testing_v4_Vipul\libs\dsn.jar:C:\Workspace\Automation_testing_v4_Vipul\libs\gimap.jar:C:\Workspace\Automation_testing_v4_Vipul\libs\guava-15.0.jar:C:\Workspace\Automation_testing_v4_Vipul\libs\guice-3.0.jar:C:\Workspace\Automation_testing_v4_Vipul\libs\hamcrest-core-1.3.jar:C:\Workspace\Automation_testing_v4_Vipul\libs\hamcrest-library-1.3.jar:C:\Workspace\Automation_testing_v4_Vipul\libs\htmlunit-2.14.jar:C:\Workspace\Automation_testing_v4_Vipul\libs\htmlunit-core-js-2.14.jar:C:\Workspace\Automation_testing_v4_Vipul\libs\httpclient-4.3.2.jar:C:\Workspace\Automation_testing_v4_Vipul\libs\httpcore-4.3.1.jar:C:\Workspace\Automation_testing_v4_Vipul\libs\httpmime-4.3.2.jar:C:\Workspace\Automation_testing_v4_Vipul\libs\imap.jar:C:\Workspace\Automation_testing_v4_Vipul\libs\ini4j-0.5.2.jar:C:\Workspace\Automation_testing_v4_Vipul\libs\jcommander-1.29.jar:C:\Workspace\Automation_testing_v4_Vipul\libs\jetty-websocket-8.1.8.jar:C:\Workspace\Automation_testing_v4_Vipul\libs\jna-3.4.0.jar:C:\Workspace\Automation_testing_v4_Vipul\libs\jna-platform-3.4.0.jar:C:\Workspace\Automation_testing_v4_Vipul\libs\json-20080701.jar:C:\Workspace\Automation_testing_v4_Vipul\libs\junit-4.11.jar:C:\Workspace\Automation_testing_v4_Vipul\libs\junit-dep-4.11.jar:C:\Workspace\Automation_testing_v4_Vipul\libs\jxl.jar:C:\Workspace\Automation_testing_v4_Vipul\libs\log4j-1.2.13.jar:C:\Workspace\Automation_testing_v4_Vipul\libs\mail.jar:C:\Workspace\Automation_testing_v4_Vipul\libs\mailapi.jar:C:\Workspace\Automation_testing_v4_Vipul\libs\mysql-connector-java-5.0.8-bin.jar:C:\Workspace\Automation_testing_v4_Vipul\libs\nekohtml-1.9.20.jar:C:\Workspace\Automation_testing_v4_Vipul\libs\netty-3.5.7.Final.jar:C:\Workspace\Automation_testing_v4_Vipul\libs\operadriver-1.5.jar:C:\Workspace\Automation_testing_v4_Vipul\libs\phantomjsdriver-1.1.0.jar:C:\Workspace\Automation_testing_v4_Vipul\libs\poi-3.10.1-20140818.jar:C:\Workspace\Automation_testing_v4_Vipul\libs\poi-examples-3.10.1-20140818.jar:C:\Workspace\Automation_testing_v4_Vipul\libs\poi-excelant-3.10.1-20140818.jar:C:\Workspace\Automation_testing_v4_Vipul\libs\poi-ooxml-3.10.1-20140818.jar:C:\Workspace\Automation_testing_v4_Vipul\libs\poi-ooxml-schemas-3.10.1-20140818.jar:C:\Workspace\Automation_testing_v4_Vipul\libs\poi-scratchpad-3.10.1-20140818.jar:C:\Workspace\Automation_testing_v4_Vipul\libs\pop3.jar:C:\Workspace\Automation_testing_v4_Vipul\libs\protobuf-java-2.4.1.jar:C:\Workspace\Automation_testing_v4_Vipul\libs\reportng-1.1.4.jar:C:\Workspace\Automation_testing_v4_Vipul\libs\sac-1.3.jar:C:\Workspace\Automation_testing_v4_Vipul\libs\saxon-8.7.jar:C:\Workspace\Automation_testing_v4_Vipul\libs\selenium-java-2.42.2-srcs.jar:C:\Workspace\Automation_testing_v4_Vipul\libs\selenium-java-2.42.2.jar:C:\Workspace\Automation_testing_v4_Vipul\libs\serializer-2.7.1.jar:C:\Workspace\Automation_testing_v4_Vipul\libs\smtp.jar:C:\Workspace\Automation_testing_v4_Vipul\libs\stax-api-1.0.1.jar:C:\Workspace\Automation_testing_v4_Vipul\libs\testng-6.8.5.jar:C:\Workspace\Automation_testing_v4_Vipul\libs\velocity-dep-1.4.jar:C:\Workspace\Automation_testing_v4_Vipul\libs\xalan-2.7.1.jar:C:\Workspace\Automation_testing_v4_Vipul\libs\xercesImpl-2.11.0.jar:C:\Workspace\Automation_testing_v4_Vipul\libs\xml-apis-1.4.01.jar:C:\Workspace\Automation_testing_v4_Vipul\libs\xmlbeans-2.6.0.jar:C:\Workspace\Automation_testing_v4_Vipul\libs\xslt.jar
setClassPath:  duration 0 seconds

loadTestNG:
loadTestNG:  duration 0 seconds

compile:
     [echo] classpath:C:\Workspace\Automation_testing_v4_Vipul:C:\Workspace\Automation_testing_v4_Vipul\libs\SaxonLiaison.jar:C:\Workspace\Automation_testing_v4_Vipul\libs\activation.jar:C:\Workspace\Automation_testing_v4_Vipul\libs\additionnal.jar:C:\Workspace\Automation_testing_v4_Vipul\libs\apache-mime4j-0.6.jar:C:\Workspace\Automation_testing_v4_Vipul\libs\bsh-1.3.0.jar:C:\Workspace\Automation_testing_v4_Vipul\libs\cglib-nodep-2.1_3.jar:C:\Workspace\Automation_testing_v4_Vipul\libs\commons-cli-1.2.jar:C:\Workspace\Automation_testing_v4_Vipul\libs\commons-codec-1.5.jar:C:\Workspace\Automation_testing_v4_Vipul\libs\commons-codec-1.9.jar:C:\Workspace\Automation_testing_v4_Vipul\libs\commons-collections-3.2.1.jar:C:\Workspace\Automation_testing_v4_Vipul\libs\commons-exec-1.1.jar:C:\Workspace\Automation_testing_v4_Vipul\libs\commons-io-2.4.jar:C:\Workspace\Automation_testing_v4_Vipul\libs\commons-jxpath-1.3.jar:C:\Workspace\Automation_testing_v4_Vipul\libs\commons-lang3-3.2.1.jar:C:\Workspace\Automation_testing_v4_Vipul\libs\commons-logging-1.1.3.jar:C:\Workspace\Automation_testing_v4_Vipul\libs\commons-logging-1.1.jar:C:\Workspace\Automation_testing_v4_Vipul\libs\cssparser-0.9.11.jar:C:\Workspace\Automation_testing_v4_Vipul\libs\dom4j-1.6.1.jar:C:\Workspace\Automation_testing_v4_Vipul\libs\dsn.jar:C:\Workspace\Automation_testing_v4_Vipul\libs\gimap.jar:C:\Workspace\Automation_testing_v4_Vipul\libs\guava-15.0.jar:C:\Workspace\Automation_testing_v4_Vipul\libs\guice-3.0.jar:C:\Workspace\Automation_testing_v4_Vipul\libs\hamcrest-core-1.3.jar:C:\Workspace\Automation_testing_v4_Vipul\libs\hamcrest-library-1.3.jar:C:\Workspace\Automation_testing_v4_Vipul\libs\htmlunit-2.14.jar:C:\Workspace\Automation_testing_v4_Vipul\libs\htmlunit-core-js-2.14.jar:C:\Workspace\Automation_testing_v4_Vipul\libs\httpclient-4.3.2.jar:C:\Workspace\Automation_testing_v4_Vipul\libs\httpcore-4.3.1.jar:C:\Workspace\Automation_testing_v4_Vipul\libs\httpmime-4.3.2.jar:C:\Workspace\Automation_testing_v4_Vipul\libs\imap.jar:C:\Workspace\Automation_testing_v4_Vipul\libs\ini4j-0.5.2.jar:C:\Workspace\Automation_testing_v4_Vipul\libs\jcommander-1.29.jar:C:\Workspace\Automation_testing_v4_Vipul\libs\jetty-websocket-8.1.8.jar:C:\Workspace\Automation_testing_v4_Vipul\libs\jna-3.4.0.jar:C:\Workspace\Automation_testing_v4_Vipul\libs\jna-platform-3.4.0.jar:C:\Workspace\Automation_testing_v4_Vipul\libs\json-20080701.jar:C:\Workspace\Automation_testing_v4_Vipul\libs\junit-4.11.jar:C:\Workspace\Automation_testing_v4_Vipul\libs\junit-dep-4.11.jar:C:\Workspace\Automation_testing_v4_Vipul\libs\jxl.jar:C:\Workspace\Automation_testing_v4_Vipul\libs\log4j-1.2.13.jar:C:\Workspace\Automation_testing_v4_Vipul\libs\mail.jar:C:\Workspace\Automation_testing_v4_Vipul\libs\mailapi.jar:C:\Workspace\Automation_testing_v4_Vipul\libs\mysql-connector-java-5.0.8-bin.jar:C:\Workspace\Automation_testing_v4_Vipul\libs\nekohtml-1.9.20.jar:C:\Workspace\Automation_testing_v4_Vipul\libs\netty-3.5.7.Final.jar:C:\Workspace\Automation_testing_v4_Vipul\libs\operadriver-1.5.jar:C:\Workspace\Automation_testing_v4_Vipul\libs\phantomjsdriver-1.1.0.jar:C:\Workspace\Automation_testing_v4_Vipul\libs\poi-3.10.1-20140818.jar:C:\Workspace\Automation_testing_v4_Vipul\libs\poi-examples-3.10.1-20140818.jar:C:\Workspace\Automation_testing_v4_Vipul\libs\poi-excelant-3.10.1-20140818.jar:C:\Workspace\Automation_testing_v4_Vipul\libs\poi-ooxml-3.10.1-20140818.jar:C:\Workspace\Automation_testing_v4_Vipul\libs\poi-ooxml-schemas-3.10.1-20140818.jar:C:\Workspace\Automation_testing_v4_Vipul\libs\poi-scratchpad-3.10.1-20140818.jar:C:\Workspace\Automation_testing_v4_Vipul\libs\pop3.jar:C:\Workspace\Automation_testing_v4_Vipul\libs\protobuf-java-2.4.1.jar:C:\Workspace\Automation_testing_v4_Vipul\libs\reportng-1.1.4.jar:C:\Workspace\Automation_testing_v4_Vipul\libs\sac-1.3.jar:C:\Workspace\Automation_testing_v4_Vipul\libs\saxon-8.7.jar:C:\Workspace\Automation_testing_v4_Vipul\libs\selenium-java-2.42.2-srcs.jar:C:\Workspace\Automation_testing_v4_Vipul\libs\selenium-java-2.42.2.jar:C:\Workspace\Automation_testing_v4_Vipul\libs\serializer-2.7.1.jar:C:\Workspace\Automation_testing_v4_Vipul\libs\smtp.jar:C:\Workspace\Automation_testing_v4_Vipul\libs\stax-api-1.0.1.jar:C:\Workspace\Automation_testing_v4_Vipul\libs\testng-6.8.5.jar:C:\Workspace\Automation_testing_v4_Vipul\libs\velocity-dep-1.4.jar:C:\Workspace\Automation_testing_v4_Vipul\libs\xalan-2.7.1.jar:C:\Workspace\Automation_testing_v4_Vipul\libs\xercesImpl-2.11.0.jar:C:\Workspace\Automation_testing_v4_Vipul\libs\xml-apis-1.4.01.jar:C:\Workspace\Automation_testing_v4_Vipul\libs\xmlbeans-2.6.0.jar:C:\Workspace\Automation_testing_v4_Vipul\libs\xslt.jar
     [echo] compiling..........
    [javac] C:\Workspace\Automation_testing_v4_Vipul\build.xml:63: warning: 'includeantruntime' was not set, defaulting to build.sysclasspath=last; set to false for repeatable builds
    [javac] BootStrap.java added as BootStrap.class doesn't exist.
    [javac] com\hk\aquaElementLocators\AdminHome.java added as com\hk\aquaElementLocators\AdminHome.class doesn't exist.
    [javac] com\hk\aquaElementLocators\CreateUpdateShipment.java added as com\hk\aquaElementLocators\CreateUpdateShipment.class doesn't exist.
    [javac] com\hk\aquaElementLocators\DeliveryAwaitingQueue.java added as com\hk\aquaElementLocators\DeliveryAwaitingQueue.class doesn't exist.
    [javac] com\hk\aquaElementLocators\LoginPageAdmin.java added as com\hk\aquaElementLocators\LoginPageAdmin.class doesn't exist.
    [javac] com\hk\aquaElementLocators\PrintPrickOrders.java added as com\hk\aquaElementLocators\PrintPrickOrders.class doesn't exist.
    [javac] com\hk\aquaElementLocators\SearchBo.java added as com\hk\aquaElementLocators\SearchBo.class doesn't exist.
    [javac] com\hk\aquaElementLocators\ShipmentAwaitingQueue.java added as com\hk\aquaElementLocators\ShipmentAwaitingQueue.class doesn't exist.
    [javac] com\hk\brightElementLocators\BrightHome.java added as com\hk\brightElementLocators\BrightHome.class doesn't exist.
    [javac] com\hk\brightElementLocators\CheckoutOrders.java added as com\hk\brightElementLocators\CheckoutOrders.class doesn't exist.
    [javac] com\hk\commonProperties\SharedProperties.java added as com\hk\commonProperties\SharedProperties.class doesn't exist.
    [javac] com\hk\constants\EnumDB.java added as com\hk\constants\EnumDB.class doesn't exist.
    [javac] com\hk\elementLocators\AddressPage.java added as com\hk\elementLocators\AddressPage.class doesn't exist.
    [javac] com\hk\elementLocators\CartPage.java added as com\hk\elementLocators\CartPage.class doesn't exist.
    [javac] com\hk\elementLocators\LoginPage.java added as com\hk\elementLocators\LoginPage.class doesn't exist.
    [javac] com\hk\elementLocators\PaymentPage.java added as com\hk\elementLocators\PaymentPage.class doesn't exist.
    [javac] com\hk\elementLocators\ProductPage.java added as com\hk\elementLocators\ProductPage.class doesn't exist.
    [javac] com\hk\elementLocators\SignupPage.java added as com\hk\elementLocators\SignupPage.class doesn't exist.
    [javac] com\hk\excel\ExcelServiceImplOld.java added as com\hk\excel\ExcelServiceImplOld.class doesn't exist.
    [javac] com\hk\excel\TestDetailsExcelService.java added as com\hk\excel\TestDetailsExcelService.class doesn't exist.
    [javac] com\hk\excel\dto\TestDetailsDTO.java added as com\hk\excel\dto\TestDetailsDTO.class doesn't exist.
    [javac] com\hk\io\FileParser.java added as com\hk\io\FileParser.class doesn't exist.
    [javac] com\hk\io\HKRow.java added as com\hk\io\HKRow.class doesn't exist.
    [javac] com\hk\io\HKXlsParser.java added as com\hk\io\HKXlsParser.class doesn't exist.
    [javac] com\hk\jdbc\JdbcConnectionFile.java added as com\hk\jdbc\JdbcConnectionFile.class doesn't exist.
    [javac] com\hk\jdbc\OrderDetailsDTO.java added as com\hk\jdbc\OrderDetailsDTO.class doesn't exist.
    [javac] com\hk\jdbc\OrderDetailsReturn.java added as com\hk\jdbc\OrderDetailsReturn.class doesn't exist.
    [javac] com\hk\jdbc\OrderDetailsVerify.java added as com\hk\jdbc\OrderDetailsVerify.class doesn't exist.
    [javac] com\hk\jdbc\ResultSetExtractor.java added as com\hk\jdbc\ResultSetExtractor.class doesn't exist.
    [javac] com\hk\orderCheckoutDto\BrightDetails.java added as com\hk\orderCheckoutDto\BrightDetails.class doesn't exist.
    [javac] com\hk\orderCheckoutDto\ForeignSiCliDTO.java added as com\hk\orderCheckoutDto\ForeignSiCliDTO.class doesn't exist.
    [javac] com\hk\orderCheckoutDto\SoDetails.java added as com\hk\orderCheckoutDto\SoDetails.class doesn't exist.
    [javac] com\hk\orderCheckoutDto\SoDetailsDTO.java added as com\hk\orderCheckoutDto\SoDetailsDTO.class doesn't exist.
    [javac] com\hk\orderCheckout\variantCheckout.java added as com\hk\orderCheckout\variantCheckout.class doesn't exist.
    [javac] com\hk\orderCheckout\variantWithFreebieCheckout.java added as com\hk\orderCheckout\variantWithFreebieCheckout.class doesn't exist.
    [javac] com\hk\orderPlacement\CouponOnlineOrder.java added as com\hk\orderPlacement\CouponOnlineOrder.class doesn't exist.
    [javac] com\hk\orderPlacement\ExistingCodPlacement.java added as com\hk\orderPlacement\ExistingCodPlacement.class doesn't exist.
    [javac] com\hk\orderPlacement\ExistingOnlineOrder.java added as com\hk\orderPlacement\ExistingOnlineOrder.class doesn't exist.
    [javac] com\hk\orderPlacement\GuestCheckoutCod.java added as com\hk\orderPlacement\GuestCheckoutCod.class doesn't exist.
    [javac] com\hk\orderPlacement\GuestCheckoutOnline.java added as com\hk\orderPlacement\GuestCheckoutOnline.class doesn't exist.
    [javac] com\hk\orderPlacement\OrderDetailsUtil.java added as com\hk\orderPlacement\OrderDetailsUtil.class doesn't exist.
    [javac] com\hk\orderPlacement\SignupCodOrder.java added as com\hk\orderPlacement\SignupCodOrder.class doesn't exist.
    [javac] com\hk\orderPlacement\SignupOrderOnline.java added as com\hk\orderPlacement\SignupOrderOnline.class doesn't exist.
    [javac] com\hk\property\PropertyHelper.java added as com\hk\property\PropertyHelper.class doesn't exist.
    [javac] com\hk\reportAndMailGenerator\ReportListener.java added as com\hk\reportAndMailGenerator\ReportListener.class doesn't exist.
    [javac] com\hk\reportAndMailGenerator\SendMail.java added as com\hk\reportAndMailGenerator\SendMail.class doesn't exist.
    [javac] com\hk\reportAndMailGenerator\ZipDirectory.java added as com\hk\reportAndMailGenerator\ZipDirectory.class doesn't exist.
    [javac] com\hk\util\AutoStringUtils.java added as com\hk\util\AutoStringUtils.class doesn't exist.
    [javac] com\hk\util\TestUtil.java added as com\hk\util\TestUtil.class doesn't exist.
    [javac] com\hk\util\Xls_Reader.java added as com\hk\util\Xls_Reader.class doesn't exist.
    [javac] rough\TestRunMode.java added as rough\TestRunMode.class doesn't exist.
    [javac] C:\Workspace\Automation_testing_v4_Vipul\src\xslt\testng-results.xsl skipped - don't know how to handle it
    [javac] Compiling 51 source files to C:\Workspace\Automation_testing_v4_Vipul\build
    [javac] Using modern compiler
    [javac] Compilation arguments:
'-d'
'C:\Workspace\Automation_testing_v4_Vipul\build'
'-classpath'
'C:\Workspace\Automation_testing_v4_Vipul\build;C:\Workspace\Automation_testing_v4_Vipul;C:\Workspace\Automation_testing_v4_Vipul\libs\SaxonLiaison.jar;C:\Workspace\Automation_testing_v4_Vipul\libs\activation.jar;C:\Workspace\Automation_testing_v4_Vipul\libs\additionnal.jar;C:\Workspace\Automation_testing_v4_Vipul\libs\apache-mime4j-0.6.jar;C:\Workspace\Automation_testing_v4_Vipul\libs\bsh-1.3.0.jar;C:\Workspace\Automation_testing_v4_Vipul\libs\cglib-nodep-2.1_3.jar;C:\Workspace\Automation_testing_v4_Vipul\libs\commons-cli-1.2.jar;C:\Workspace\Automation_testing_v4_Vipul\libs\commons-codec-1.5.jar;C:\Workspace\Automation_testing_v4_Vipul\libs\commons-codec-1.9.jar;C:\Workspace\Automation_testing_v4_Vipul\libs\commons-collections-3.2.1.jar;C:\Workspace\Automation_testing_v4_Vipul\libs\commons-exec-1.1.jar;C:\Workspace\Automation_testing_v4_Vipul\libs\commons-io-2.4.jar;C:\Workspace\Automation_testing_v4_Vipul\libs\commons-jxpath-1.3.jar;C:\Workspace\Automation_testing_v4_Vipul\libs\commons-lang3-3.2.1.jar;C:\Workspace\Automation_testing_v4_Vipul\libs\commons-logging-1.1.3.jar;C:\Workspace\Automation_testing_v4_Vipul\libs\commons-logging-1.1.jar;C:\Workspace\Automation_testing_v4_Vipul\libs\cssparser-0.9.11.jar;C:\Workspace\Automation_testing_v4_Vipul\libs\dom4j-1.6.1.jar;C:\Workspace\Automation_testing_v4_Vipul\libs\dsn.jar;C:\Workspace\Automation_testing_v4_Vipul\libs\gimap.jar;C:\Workspace\Automation_testing_v4_Vipul\libs\guava-15.0.jar;C:\Workspace\Automation_testing_v4_Vipul\libs\guice-3.0.jar;C:\Workspace\Automation_testing_v4_Vipul\libs\hamcrest-core-1.3.jar;C:\Workspace\Automation_testing_v4_Vipul\libs\hamcrest-library-1.3.jar;C:\Workspace\Automation_testing_v4_Vipul\libs\htmlunit-2.14.jar;C:\Workspace\Automation_testing_v4_Vipul\libs\htmlunit-core-js-2.14.jar;C:\Workspace\Automation_testing_v4_Vipul\libs\httpclient-4.3.2.jar;C:\Workspace\Automation_testing_v4_Vipul\libs\httpcore-4.3.1.jar;C:\Workspace\Automation_testing_v4_Vipul\libs\httpmime-4.3.2.jar;C:\Workspace\Automation_testing_v4_Vipul\libs\imap.jar;C:\Workspace\Automation_testing_v4_Vipul\libs\ini4j-0.5.2.jar;C:\Workspace\Automation_testing_v4_Vipul\libs\jcommander-1.29.jar;C:\Workspace\Automation_testing_v4_Vipul\libs\jetty-websocket-8.1.8.jar;C:\Workspace\Automation_testing_v4_Vipul\libs\jna-3.4.0.jar;C:\Workspace\Automation_testing_v4_Vipul\libs\jna-platform-3.4.0.jar;C:\Workspace\Automation_testing_v4_Vipul\libs\json-20080701.jar;C:\Workspace\Automation_testing_v4_Vipul\libs\junit-4.11.jar;C:\Workspace\Automation_testing_v4_Vipul\libs\junit-dep-4.11.jar;C:\Workspace\Automation_testing_v4_Vipul\libs\jxl.jar;C:\Workspace\Automation_testing_v4_Vipul\libs\log4j-1.2.13.jar;C:\Workspace\Automation_testing_v4_Vipul\libs\mail.jar;C:\Workspace\Automation_testing_v4_Vipul\libs\mailapi.jar;C:\Workspace\Automation_testing_v4_Vipul\libs\mysql-connector-java-5.0.8-bin.jar;C:\Workspace\Automation_testing_v4_Vipul\libs\nekohtml-1.9.20.jar;C:\Workspace\Automation_testing_v4_Vipul\libs\netty-3.5.7.Final.jar;C:\Workspace\Automation_testing_v4_Vipul\libs\operadriver-1.5.jar;C:\Workspace\Automation_testing_v4_Vipul\libs\phantomjsdriver-1.1.0.jar;C:\Workspace\Automation_testing_v4_Vipul\libs\poi-3.10.1-20140818.jar;C:\Workspace\Automation_testing_v4_Vipul\libs\poi-examples-3.10.1-20140818.jar;C:\Workspace\Automation_testing_v4_Vipul\libs\poi-excelant-3.10.1-20140818.jar;C:\Workspace\Automation_testing_v4_Vipul\libs\poi-ooxml-3.10.1-20140818.jar;C:\Workspace\Automation_testing_v4_Vipul\libs\poi-ooxml-schemas-3.10.1-20140818.jar;C:\Workspace\Automation_testing_v4_Vipul\libs\poi-scratchpad-3.10.1-20140818.jar;C:\Workspace\Automation_testing_v4_Vipul\libs\pop3.jar;C:\Workspace\Automation_testing_v4_Vipul\libs\protobuf-java-2.4.1.jar;C:\Workspace\Automation_testing_v4_Vipul\libs\reportng-1.1.4.jar;C:\Workspace\Automation_testing_v4_Vipul\libs\sac-1.3.jar;C:\Workspace\Automation_testing_v4_Vipul\libs\saxon-8.7.jar;C:\Workspace\Automation_testing_v4_Vipul\libs\selenium-java-2.42.2-srcs.jar;C:\Workspace\Automation_testing_v4_Vipul\libs\selenium-java-2.42.2.jar;C:\Workspace\Automation_testing_v4_Vipul\libs\serializer-2.7.1.jar;C:\Workspace\Automation_testing_v4_Vipul\libs\smtp.jar;C:\Workspace\Automation_testing_v4_Vipul\libs\stax-api-1.0.1.jar;C:\Workspace\Automation_testing_v4_Vipul\libs\testng-6.8.5.jar;C:\Workspace\Automation_testing_v4_Vipul\libs\velocity-dep-1.4.jar;C:\Workspace\Automation_testing_v4_Vipul\libs\xalan-2.7.1.jar;C:\Workspace\Automation_testing_v4_Vipul\libs\xercesImpl-2.11.0.jar;C:\Workspace\Automation_testing_v4_Vipul\libs\xml-apis-1.4.01.jar;C:\Workspace\Automation_testing_v4_Vipul\libs\xmlbeans-2.6.0.jar;C:\Workspace\Automation_testing_v4_Vipul\libs\xslt.jar;c:\ant\lib\ant-launcher.jar;c:\ant\lib\ant-antlr.jar;c:\ant\lib\ant-apache-bcel.jar;c:\ant\lib\ant-apache-bsf.jar;c:\ant\lib\ant-apache-log4j.jar;c:\ant\lib\ant-apache-oro.jar;c:\ant\lib\ant-apache-regexp.jar;c:\ant\lib\ant-apache-resolver.jar;c:\ant\lib\ant-apache-xalan2.jar;c:\ant\lib\ant-commons-logging.jar;c:\ant\lib\ant-commons-net.jar;c:\ant\lib\ant-jai.jar;c:\ant\lib\ant-javamail.jar;c:\ant\lib\ant-jdepend.jar;c:\ant\lib\ant-jmf.jar;c:\ant\lib\ant-jsch.jar;c:\ant\lib\ant-junit.jar;c:\ant\lib\ant-junit4.jar;c:\ant\lib\ant-netrexx.jar;c:\ant\lib\ant-swing.jar;c:\ant\lib\ant-testutil.jar;c:\ant\lib\ant.jar;c:\Program Files (x86)\Java\jdk1.7.0_45\lib\tools.jar'
'-sourcepath'
'C:\Workspace\Automation_testing_v4_Vipul\src'
'-g:none'

The ' characters around the executable and arguments are
not part of the command.
    [javac] Files to be compiled:
    C:\Workspace\Automation_testing_v4_Vipul\src\BootStrap.java
    C:\Workspace\Automation_testing_v4_Vipul\src\com\hk\aquaElementLocators\AdminHome.java
    C:\Workspace\Automation_testing_v4_Vipul\src\com\hk\aquaElementLocators\CreateUpdateShipment.java
    C:\Workspace\Automation_testing_v4_Vipul\src\com\hk\aquaElementLocators\DeliveryAwaitingQueue.java
    C:\Workspace\Automation_testing_v4_Vipul\src\com\hk\aquaElementLocators\LoginPageAdmin.java
    C:\Workspace\Automation_testing_v4_Vipul\src\com\hk\aquaElementLocators\PrintPrickOrders.java
    C:\Workspace\Automation_testing_v4_Vipul\src\com\hk\aquaElementLocators\SearchBo.java
    C:\Workspace\Automation_testing_v4_Vipul\src\com\hk\aquaElementLocators\ShipmentAwaitingQueue.java
    C:\Workspace\Automation_testing_v4_Vipul\src\com\hk\brightElementLocators\BrightHome.java
    C:\Workspace\Automation_testing_v4_Vipul\src\com\hk\brightElementLocators\CheckoutOrders.java
    C:\Workspace\Automation_testing_v4_Vipul\src\com\hk\commonProperties\SharedProperties.java
    C:\Workspace\Automation_testing_v4_Vipul\src\com\hk\constants\EnumDB.java
    C:\Workspace\Automation_testing_v4_Vipul\src\com\hk\elementLocators\AddressPage.java
    C:\Workspace\Automation_testing_v4_Vipul\src\com\hk\elementLocators\CartPage.java
    C:\Workspace\Automation_testing_v4_Vipul\src\com\hk\elementLocators\LoginPage.java
    C:\Workspace\Automation_testing_v4_Vipul\src\com\hk\elementLocators\PaymentPage.java
    C:\Workspace\Automation_testing_v4_Vipul\src\com\hk\elementLocators\ProductPage.java
    C:\Workspace\Automation_testing_v4_Vipul\src\com\hk\elementLocators\SignupPage.java
    C:\Workspace\Automation_testing_v4_Vipul\src\com\hk\excel\ExcelServiceImplOld.java
    C:\Workspace\Automation_testing_v4_Vipul\src\com\hk\excel\TestDetailsExcelService.java
    C:\Workspace\Automation_testing_v4_Vipul\src\com\hk\excel\dto\TestDetailsDTO.java
    C:\Workspace\Automation_testing_v4_Vipul\src\com\hk\io\FileParser.java
    C:\Workspace\Automation_testing_v4_Vipul\src\com\hk\io\HKRow.java
    C:\Workspace\Automation_testing_v4_Vipul\src\com\hk\io\HKXlsParser.java
    C:\Workspace\Automation_testing_v4_Vipul\src\com\hk\jdbc\JdbcConnectionFile.java
    C:\Workspace\Automation_testing_v4_Vipul\src\com\hk\jdbc\OrderDetailsDTO.java
    C:\Workspace\Automation_testing_v4_Vipul\src\com\hk\jdbc\OrderDetailsReturn.java
    C:\Workspace\Automation_testing_v4_Vipul\src\com\hk\jdbc\OrderDetailsVerify.java
    C:\Workspace\Automation_testing_v4_Vipul\src\com\hk\jdbc\ResultSetExtractor.java
    C:\Workspace\Automation_testing_v4_Vipul\src\com\hk\orderCheckoutDto\BrightDetails.java
    C:\Workspace\Automation_testing_v4_Vipul\src\com\hk\orderCheckoutDto\ForeignSiCliDTO.java
    C:\Workspace\Automation_testing_v4_Vipul\src\com\hk\orderCheckoutDto\SoDetails.java
    C:\Workspace\Automation_testing_v4_Vipul\src\com\hk\orderCheckoutDto\SoDetailsDTO.java
    C:\Workspace\Automation_testing_v4_Vipul\src\com\hk\orderCheckout\variantCheckout.java
    C:\Workspace\Automation_testing_v4_Vipul\src\com\hk\orderCheckout\variantWithFreebieCheckout.java
    C:\Workspace\Automation_testing_v4_Vipul\src\com\hk\orderPlacement\CouponOnlineOrder.java
    C:\Workspace\Automation_testing_v4_Vipul\src\com\hk\orderPlacement\ExistingCodPlacement.java
    C:\Workspace\Automation_testing_v4_Vipul\src\com\hk\orderPlacement\ExistingOnlineOrder.java
    C:\Workspace\Automation_testing_v4_Vipul\src\com\hk\orderPlacement\GuestCheckoutCod.java
    C:\Workspace\Automation_testing_v4_Vipul\src\com\hk\orderPlacement\GuestCheckoutOnline.java
    C:\Workspace\Automation_testing_v4_Vipul\src\com\hk\orderPlacement\OrderDetailsUtil.java
    C:\Workspace\Automation_testing_v4_Vipul\src\com\hk\orderPlacement\SignupCodOrder.java
    C:\Workspace\Automation_testing_v4_Vipul\src\com\hk\orderPlacement\SignupOrderOnline.java
    C:\Workspace\Automation_testing_v4_Vipul\src\com\hk\property\PropertyHelper.java
    C:\Workspace\Automation_testing_v4_Vipul\src\com\hk\reportAndMailGenerator\ReportListener.java
    C:\Workspace\Automation_testing_v4_Vipul\src\com\hk\reportAndMailGenerator\SendMail.java
    C:\Workspace\Automation_testing_v4_Vipul\src\com\hk\reportAndMailGenerator\ZipDirectory.java
    C:\Workspace\Automation_testing_v4_Vipul\src\com\hk\util\AutoStringUtils.java
    C:\Workspace\Automation_testing_v4_Vipul\src\com\hk\util\TestUtil.java
    C:\Workspace\Automation_testing_v4_Vipul\src\com\hk\util\Xls_Reader.java
    C:\Workspace\Automation_testing_v4_Vipul\src\rough\TestRunMode.java
    [javac] Note: C:\Workspace\Automation_testing_v4_Vipul\src\com\hk\util\Xls_Reader.java uses or overrides a deprecated API.
    [javac] Note: Recompile with -Xlint:deprecation for details.
compile:  duration 1 second

run:
   [testng] Executing 'c:\Program Files (x86)\Java\jdk1.7.0_45\jre\bin\java.exe' with arguments:
'-ea'
'-classpath'
'C:\Workspace\Automation_testing_v4_Vipul;C:\Workspace\Automation_testing_v4_Vipul\libs\SaxonLiaison.jar;C:\Workspace\Automation_testing_v4_Vipul\libs\activation.jar;C:\Workspace\Automation_testing_v4_Vipul\libs\additionnal.jar;C:\Workspace\Automation_testing_v4_Vipul\libs\apache-mime4j-0.6.jar;C:\Workspace\Automation_testing_v4_Vipul\libs\bsh-1.3.0.jar;C:\Workspace\Automation_testing_v4_Vipul\libs\cglib-nodep-2.1_3.jar;C:\Workspace\Automation_testing_v4_Vipul\libs\commons-cli-1.2.jar;C:\Workspace\Automation_testing_v4_Vipul\libs\commons-codec-1.5.jar;C:\Workspace\Automation_testing_v4_Vipul\libs\commons-codec-1.9.jar;C:\Workspace\Automation_testing_v4_Vipul\libs\commons-collections-3.2.1.jar;C:\Workspace\Automation_testing_v4_Vipul\libs\commons-exec-1.1.jar;C:\Workspace\Automation_testing_v4_Vipul\libs\commons-io-2.4.jar;C:\Workspace\Automation_testing_v4_Vipul\libs\commons-jxpath-1.3.jar;C:\Workspace\Automation_testing_v4_Vipul\libs\commons-lang3-3.2.1.jar;C:\Workspace\Automation_testing_v4_Vipul\libs\commons-logging-1.1.3.jar;C:\Workspace\Automation_testing_v4_Vipul\libs\commons-logging-1.1.jar;C:\Workspace\Automation_testing_v4_Vipul\libs\cssparser-0.9.11.jar;C:\Workspace\Automation_testing_v4_Vipul\libs\dom4j-1.6.1.jar;C:\Workspace\Automation_testing_v4_Vipul\libs\dsn.jar;C:\Workspace\Automation_testing_v4_Vipul\libs\gimap.jar;C:\Workspace\Automation_testing_v4_Vipul\libs\guava-15.0.jar;C:\Workspace\Automation_testing_v4_Vipul\libs\guice-3.0.jar;C:\Workspace\Automation_testing_v4_Vipul\libs\hamcrest-core-1.3.jar;C:\Workspace\Automation_testing_v4_Vipul\libs\hamcrest-library-1.3.jar;C:\Workspace\Automation_testing_v4_Vipul\libs\htmlunit-2.14.jar;C:\Workspace\Automation_testing_v4_Vipul\libs\htmlunit-core-js-2.14.jar;C:\Workspace\Automation_testing_v4_Vipul\libs\httpclient-4.3.2.jar;C:\Workspace\Automation_testing_v4_Vipul\libs\httpcore-4.3.1.jar;C:\Workspace\Automation_testing_v4_Vipul\libs\httpmime-4.3.2.jar;C:\Workspace\Automation_testing_v4_Vipul\libs\imap.jar;C:\Workspace\Automation_testing_v4_Vipul\libs\ini4j-0.5.2.jar;C:\Workspace\Automation_testing_v4_Vipul\libs\jcommander-1.29.jar;C:\Workspace\Automation_testing_v4_Vipul\libs\jetty-websocket-8.1.8.jar;C:\Workspace\Automation_testing_v4_Vipul\libs\jna-3.4.0.jar;C:\Workspace\Automation_testing_v4_Vipul\libs\jna-platform-3.4.0.jar;C:\Workspace\Automation_testing_v4_Vipul\libs\json-20080701.jar;C:\Workspace\Automation_testing_v4_Vipul\libs\junit-4.11.jar;C:\Workspace\Automation_testing_v4_Vipul\libs\junit-dep-4.11.jar;C:\Workspace\Automation_testing_v4_Vipul\libs\jxl.jar;C:\Workspace\Automation_testing_v4_Vipul\libs\log4j-1.2.13.jar;C:\Workspace\Automation_testing_v4_Vipul\libs\mail.jar;C:\Workspace\Automation_testing_v4_Vipul\libs\mailapi.jar;C:\Workspace\Automation_testing_v4_Vipul\libs\mysql-connector-java-5.0.8-bin.jar;C:\Workspace\Automation_testing_v4_Vipul\libs\nekohtml-1.9.20.jar;C:\Workspace\Automation_testing_v4_Vipul\libs\netty-3.5.7.Final.jar;C:\Workspace\Automation_testing_v4_Vipul\libs\operadriver-1.5.jar;C:\Workspace\Automation_testing_v4_Vipul\libs\phantomjsdriver-1.1.0.jar;C:\Workspace\Automation_testing_v4_Vipul\libs\poi-3.10.1-20140818.jar;C:\Workspace\Automation_testing_v4_Vipul\libs\poi-examples-3.10.1-20140818.jar;C:\Workspace\Automation_testing_v4_Vipul\libs\poi-excelant-3.10.1-20140818.jar;C:\Workspace\Automation_testing_v4_Vipul\libs\poi-ooxml-3.10.1-20140818.jar;C:\Workspace\Automation_testing_v4_Vipul\libs\poi-ooxml-schemas-3.10.1-20140818.jar;C:\Workspace\Automation_testing_v4_Vipul\libs\poi-scratchpad-3.10.1-20140818.jar;C:\Workspace\Automation_testing_v4_Vipul\libs\pop3.jar;C:\Workspace\Automation_testing_v4_Vipul\libs\protobuf-java-2.4.1.jar;C:\Workspace\Automation_testing_v4_Vipul\libs\reportng-1.1.4.jar;C:\Workspace\Automation_testing_v4_Vipul\libs\sac-1.3.jar;C:\Workspace\Automation_testing_v4_Vipul\libs\saxon-8.7.jar;C:\Workspace\Automation_testing_v4_Vipul\libs\selenium-java-2.42.2-srcs.jar;C:\Workspace\Automation_testing_v4_Vipul\libs\selenium-java-2.42.2.jar;C:\Workspace\Automation_testing_v4_Vipul\libs\serializer-2.7.1.jar;C:\Workspace\Automation_testing_v4_Vipul\libs\smtp.jar;C:\Workspace\Automation_testing_v4_Vipul\libs\stax-api-1.0.1.jar;C:\Workspace\Automation_testing_v4_Vipul\libs\testng-6.8.5.jar;C:\Workspace\Automation_testing_v4_Vipul\libs\velocity-dep-1.4.jar;C:\Workspace\Automation_testing_v4_Vipul\libs\xalan-2.7.1.jar;C:\Workspace\Automation_testing_v4_Vipul\libs\xercesImpl-2.11.0.jar;C:\Workspace\Automation_testing_v4_Vipul\libs\xml-apis-1.4.01.jar;C:\Workspace\Automation_testing_v4_Vipul\libs\xmlbeans-2.6.0.jar;C:\Workspace\Automation_testing_v4_Vipul\libs\xslt.jar;C:\Workspace\Automation_testing_v4_Vipul\build'
'org.testng.TestNG'
'@C:\Users\VIPUL~1.JAI\AppData\Local\Temp\testng4306741722563645791'

The ' characters around the executable and arguments are
not part of the command.
   [testng] [TestNG] Running:
   [testng]   C:\Workspace\Automation_testing_v4_Vipul\testng.xml
   [testng] 
   [testng] CouponOnlineOrder would be skipped
   [testng] ExistingCodPlacement would be skipped
   [testng] SignupCodOrder would be skipped
   [testng] Starting ChromeDriver (v2.7.236900) on port 14538
   [testng] log4j:WARN No appenders could be found for logger (org.apache.http.client.protocol.RequestAddCookies).
   [testng] log4j:WARN Please initialize the log4j system properly.
   [testng] ORDER ID: HK83114-884449
   [testng] Inside variantcheckout
   [testng] 
   [testng]  HK OrderID:- HK83114-884449Connecting to database...
   [testng] Executing query...
   [testng] DB connection is about to get closed
   [testng] Starting ChromeDriver (v2.7.236900) on port 7270
   [testng] 
   [testng]  Warehouse id:- 10
   [testng]  Selected GGN Aqua Warehouse
   [testng]  Aqua using SO1: 2428357-S93948
   [testng]  SO ID Final:- 2428357Connecting to database...
   [testng] Executing query...
   [testng] DB connection is about to get closed
   [testng] 
   [testng]  SO ID Final:- 2428357Connecting to database...
   [testng] Executing query...
   [testng] DB connection is about to get closed
   [testng] 
   [testng]  GGN Bright Warehouse
   [testng]  SO ID Final:- 2428357Connecting to database...
   [testng] Executing query...
   [testng] DB connection is about to get closed
   [testng] 
   [testng]  SO ID Final:- 2428357Connecting to database...
   [testng] Executing query...
   [testng] DB connection is about to get closed
   [testng] 
   [testng]  SO ID Final:- 2428357Connecting to database...
   [testng] Executing query...
   [testng] DB connection is about to get closed
   [testng] 
   [testng]  Foreign SO selected:- 2460130
   [testng]  SO ID Final:- 2428357Connecting to database...
   [testng] Executing query...
   [testng] DB connection is about to get closed
   [testng] 
   [testng]  ForeignGatewayID selected:- 2460130-S85379
   [testng]  Barcode selected:- IVN-291007-2
   [testng]  ************* SO Packed *************
   [testng]  ************* SO Shipped *************
   [testng]  ************* SO Delivered *************SignupOrderOnline would be skipped
   [testng] GuestCheckoutCod would be skipped
   [testng] GuestCheckoutOnline would be skipped
   [testng] 
   [testng] ===============================================
   [testng] TestNG Test
   [testng] Total tests run: 9, Failures: 2, Skips: 7
   [testng] Configuration Failures: 1, Skips: 15
   [testng] ===============================================
   [testng] 
   [testng] ---Getting references to all files in: C:\Workspace\Automation_testing_v4_Vipul\test-output\html
   [testng] file:C:\Workspace\Automation_testing_v4_Vipul\test-output\html\index.html
   [testng] file:C:\Workspace\Automation_testing_v4_Vipul\test-output\html\overview.html
   [testng] file:C:\Workspace\Automation_testing_v4_Vipul\test-output\html\report.zip
   [testng] file:C:\Workspace\Automation_testing_v4_Vipul\test-output\html\reportng.css
   [testng] file:C:\Workspace\Automation_testing_v4_Vipul\test-output\html\reportng.js
   [testng] file:C:\Workspace\Automation_testing_v4_Vipul\test-output\html\sorttable.js
   [testng] file:C:\Workspace\Automation_testing_v4_Vipul\test-output\html\suite1_groups.html
   [testng] file:C:\Workspace\Automation_testing_v4_Vipul\test-output\html\suite1_test1_results.html
   [testng] file:C:\Workspace\Automation_testing_v4_Vipul\test-output\html\suite1_test2_results.html
   [testng] file:C:\Workspace\Automation_testing_v4_Vipul\test-output\html\suite1_test3_results.html
   [testng] file:C:\Workspace\Automation_testing_v4_Vipul\test-output\html\suites.html
   [testng] ---Creating zip file
   [testng] Writing 'index.html' to zip file
   [testng] Writing 'overview.html' to zip file
   [testng] Writing 'report.zip' to zip file
   [testng] Writing 'reportng.css' to zip file
   [testng] Writing 'reportng.js' to zip file
   [testng] Writing 'sorttable.js' to zip file
   [testng] Writing 'suite1_groups.html' to zip file
   [testng] Writing 'suite1_test1_results.html' to zip file
   [testng] Writing 'suite1_test2_results.html' to zip file
   [testng] Writing 'suite1_test3_results.html' to zip file
   [testng] Writing 'suites.html' to zip file
   [testng] ---Done
   [testng] Finishing
   [testng] com.sun.mail.smtp.SMTPSendFailedException: 552-5.7.0 This message was blocked because its content presents a potential
   [testng] 552-5.7.0 security issue. Please visit
   [testng] 552-5.7.0 http://support.google.com/mail/bin/answer.py?answer=6590 to review our
   [testng] 552 5.7.0 message content and attachment content guidelines. fk10sm11653499pab.29 - gsmtp
   [testng] 
   [testng] The tests failed.
run:  duration 3 minutes 52 seconds

BUILD SUCCESSFUL
